[www.sitokata-chinhhang.com/sito-bt-tn.html]
[backblue.gif]
[fade.gif]
[index.html]
[w.ladicdn.com_443/5eb0dc7d9b2238094c020bec/tai-xuong-20200908040354.png]
[w.ladicdn.com/v2/source/ladipage.vi.min797c.js]
[w.ladicdn.com/s700x850/5eb0dc7d9b2238094c020bec/gp-sitokata-3-20200908041238.png]
[img.youtube.com/vi/xC4MBYF4_8U/hqdefault.jpg]
[w.ladicdn.com/s450x450/5eb0dc7d9b2238094c020bec/new-logo-20200825075531.png]
[w.ladicdn.com/s768x809/5eb0dc7d9b2238094c020bec/celery-min-removebg-preview-20200825074917.png]
[w.ladicdn.com/s750x500/5d6352737a8c014966c91488/arrow-1561450363-20191016083055.png]
[w.ladicdn.com/s750x600/5eb0dc7d9b2238094c020bec/djjehfewjh-20200825082919.png]
[w.ladicdn.com/s950x750/5eb0dc7d9b2238094c020bec/celery-juice-recipe-and-benefits-109_copy-20200825085809.jpg]
[w.ladicdn.com/s450x450/5eb0dc7d9b2238094c020bec/s3-20200522115905-1-20200717040330.png]
[w.ladicdn.com/s450x450/5eb0dc7d9b2238094c020bec/ss-20200522115905-1-20200717040540.png]
[w.ladicdn.com/s450x450/5eb0dc7d9b2238094c020bec/s2-20200522115905-1-20200717040656.png]
[w.ladicdn.com/s450x450/5eb0dc7d9b2238094c020bec/s4-20200522115350-1-20200717041055.png]
[w.ladicdn.com/s750x550/5eb0dc7d9b2238094c020bec/tai-xuong-20200908040354.png]
[w.ladicdn.com/s700x450/5ad0203858c2cb43196e76c1/lam-text-02-20200522114520.png]
[w.ladicdn.com/s550x550/5ad0203858c2cb43196e76c1/combo-20200610025145.png]
[w.ladicdn.com/s550x550/5ad0203858c2cb43196e76c1/cobo-20200610030259.png]
[w.ladicdn.com/s750x650/5eb0dc7d9b2238094c020bec/untitled-1-20200717032245.jpg]
[w.ladicdn.com/s400x400/5eb0dc7d9b2238094c020bec/untitled-1-20200717032245.jpg]
[w.ladicdn.com/s750x650/5eb0dc7d9b2238094c020bec/5-20200717032507.jpg]
[w.ladicdn.com/s400x400/5eb0dc7d9b2238094c020bec/5-20200717032507.jpg]
[w.ladicdn.com/s750x650/5eb0dc7d9b2238094c020bec/49-20200717030115.jpg]
[w.ladicdn.com/s400x400/5eb0dc7d9b2238094c020bec/49-20200717030115.jpg]
[w.ladicdn.com/s750x650/5eb0dc7d9b2238094c020bec/4-20200717032604.jpg]
[w.ladicdn.com/s400x400/5eb0dc7d9b2238094c020bec/4-20200717032604.jpg]
[w.ladicdn.com/s750x650/5eb0dc7d9b2238094c020bec/3-20200717032631.jpg]
[w.ladicdn.com/s400x400/5eb0dc7d9b2238094c020bec/3-20200717032631.jpg]
[w.ladicdn.com/s900x650/5eb0dc7d9b2238094c020bec/ac3484526e279279cb36-20200718071032.jpg]
[w.ladicdn.com/s750x550/5eb0dc7d9b2238094c020bec/3f12a34591236d7d3432-20200716031513.jpg]
[w.ladicdn.com/s750x550/5eb0dc7d9b2238094c020bec/51868de8b98845d61c99-20200716080934.jpg]
[img.youtube.com/vi/Ffs01naQh2c/hqdefault.jpg]
[w.ladicdn.com/s500x550/5eb0dc7d9b2238094c020bec/dae-20200525084959-1-20200716083213.jpg]
[w.ladicdn.com/s400x400/5eb0dc7d9b2238094c020bec/dae-20200525084959-1-20200716083213.jpg]
[w.ladicdn.com/s500x550/5eb0dc7d9b2238094c020bec/cach-giam-beo-bung-sau-sinh-1-20200509081858-1-20200716084454.jpg]
[w.ladicdn.com/s400x400/5eb0dc7d9b2238094c020bec/cach-giam-beo-bung-sau-sinh-1-20200509081858-1-20200716084454.jpg]
[w.ladicdn.com/s500x550/5eb0dc7d9b2238094c020bec/an-ko-kiem-soat-min-20200717021845.jpg]
[w.ladicdn.com/s400x400/5eb0dc7d9b2238094c020bec/an-ko-kiem-soat-min-20200717021845.jpg]
[w.ladicdn.com/s500x550/5eb0dc7d9b2238094c020bec/1399948751-3068_121102183724_1-20200717022127.jpg]
[w.ladicdn.com/s400x400/5eb0dc7d9b2238094c020bec/1399948751-3068_121102183724_1-20200717022127.jpg]
[w.ladicdn.com/s800x650/5eb0dc7d9b2238094c020bec/345-20200717101758.png]
[img.youtube.com/vi/b_HuzeU4QzU/hqdefault.jpg]
[w.ladicdn.com/s750x650/5eb0dc7d9b2238094c020bec/bsdhgshjgd-20200702073937.jpg]
[w.ladicdn.com/s850x600/5eb0dc7d9b2238094c020bec/57-20200717071938.jpg]
[w.ladicdn.com/s800x550/5eb0dc7d9b2238094c020bec/3-20200717032631.jpg]
[img.youtube.com/vi/avP8hZQEGXs/hqdefault.jpg]
[w.ladicdn.com/s400x400/5ad0203858c2cb43196e76c1/c4-20200606075854.png]
[w.ladicdn.com/s400x400/5eb0dc7d9b2238094c020bec/bot-can-tay-sitokata-la-gi-20200929021009.png]
[w.ladicdn.com/s400x450/5ad0203858c2cb43196e76c1/c3-20200606075854.png]
[w.ladicdn.com/s400x400/5ad0203858c2cb43196e76c1/c5-20200606075854.png]
[w.ladicdn.com/s400x400/5ad0203858c2cb43196e76c1/c2-20200606075854.png]
[w.ladicdn.com/s400x400/5ad0203858c2cb43196e76c1/c1-20200606075854.png]
[w.ladicdn.com/s500x500/5ad0203858c2cb43196e76c1/c10-20200606081419.png]
[w.ladicdn.com/s400x400/5ad0203858c2cb43196e76c1/c9-20200606081418.png]
[w.ladicdn.com/s400x400/5ad0203858c2cb43196e76c1/c8-20200606081419.png]
[w.ladicdn.com/s400x400/5ad0203858c2cb43196e76c1/c7-20200606081418.png]
[w.ladicdn.com/s400x400/5ad0203858c2cb43196e76c1/c11-20200606083143.png]
[w.ladicdn.com/s750x1300/5ad0203858c2cb43196e76c1/1111-20200513092648.png]
[w.ladicdn.com/s500x450/5ad0203858c2cb43196e76c1/trang1-20200514074807.png]
[w.ladicdn.com/5eb0dc7d9b2238094c020bec/mua-ngay-1-20200312034239-20200718072927.gif]
[www.sitokata-chinhhang.com/sito-bt-tn.html]
[w.ladicdn.com/v2/source/ladipage.min797c.css]
[w.ladicdn.com/v2/source/ladipage.min797c.css]
[w.ladidn.com/5d6352737a8c014966c91488/asset-13bg1-20190923143922.png]
